<?xml version="1.0" encoding="UTF-8"?>
<!-- Generated by org.testng.reporters.JUnitXMLReporter -->
<testsuite ignored="0" hostname="DESKTOP-HIN4ESK" failures="0" tests="3" name="test4" time="36.433" errors="0" timestamp="2024-10-06T15:34:13 IST">
  <testcase classname="tests.softwaretest" name="softwaretesting" time="0.952"/>
  <testcase classname="tests.phonetests" name="phonetesting" time="5.19"/>
  <testcase classname="tests.cameratest" name="cameracompare" time="22.299"/>
</testsuite> <!-- test4 -->
