<?xml version="1.0" encoding="UTF-8"?>
<!-- Generated by org.testng.reporters.JUnitXMLReporter -->
<testsuite ignored="0" hostname="DESKTOP-HIN4ESK" failures="0" tests="3" name="test4" time="39.097" errors="0" timestamp="2024-10-06T15:46:20 IST">
  <testcase classname="tests.softwaretest" name="softwaretesting" time="1.0"/>
  <testcase classname="tests.phonetests" name="phonetesting" time="5.195"/>
  <testcase classname="tests.cameratest" name="cameracompare" time="23.893"/>
</testsuite> <!-- test4 -->
