<?xml version="1.0" encoding="UTF-8"?>
<testsuite xmlns:xsi="http://www.w3.org/2001/XMLSchema-instance" xsi:noNamespaceSchemaLocation="https://maven.apache.org/surefire/maven-surefire-plugin/xsd/surefire-test-report-3.0.xsd" version="3.0" name="TestSuite" time="182.396" tests="9" errors="0" skipped="0" failures="1">
  <properties>
[...]
</properties>
  <testcase name="signupform[Vignesh, Waran, Vickywaran345@gmail.com, 6.754321078E9, Vicky@12345, Vicky@12345](1)" classname="tests.Signuptest" time="47.744">
    <system-out><![CDATA[Warning: E-Mail Address is already registered! is present..........
ScreenshotC:\Users\harin\eclipse-workspace\E-commercewebsite\Screenshots\chrome_signupform_2024-10-06_15-44-11.png
Test passed :: Screenshot path location : C:\Users\harin\eclipse-workspace\E-commercewebsite\Screenshots\chrome_signupform_2024-10-06_15-44-11.png
]]></system-out>
    <system-err><![CDATA[[main] INFO io.github.bonigarcia.wdm.WebDriverManager - Using chromedriver 129.0.6668.89 (resolved driver for Chrome 129)
[main] INFO io.github.bonigarcia.wdm.WebDriverManager - Exporting webdriver.chrome.driver as C:\Users\harin\.cache\selenium\chromedriver\win64\129.0.6668.89\chromedriver.exe
Oct 06, 2024 3:43:21 PM org.openqa.selenium.devtools.CdpVersionFinder findNearestMatch
WARNING: Unable to find CDP implementation matching 129
Oct 06, 2024 3:43:21 PM org.openqa.selenium.chromium.ChromiumDriver lambda$new$5
WARNING: Unable to find version of CDP to use for 129.0.6668.90. You may need to include a dependency on a specific version of the CDP using something similar to `org.seleniumhq.selenium:selenium-devtools-v86:4.18.1` where the version ("v86") matches the version of the chromium-based browser you're using and the version number of the artifact is the same as Selenium's.
]]></system-err>
  </testcase>
  <testcase name="loginform[Vickywaran345@gmail.com, Vicky@12345](1)" classname="tests.Logintest" time="1.746">
    <system-out><![CDATA[ScreenshotC:\Users\harin\eclipse-workspace\E-commercewebsite\Screenshots\chrome_loginform_2024-10-06_15-44-16.png
Test passed :: Screenshot path location : C:\Users\harin\eclipse-workspace\E-commercewebsite\Screenshots\chrome_loginform_2024-10-06_15-44-16.png
]]></system-out>
    <system-err><![CDATA[[main] INFO io.github.bonigarcia.wdm.WebDriverManager - Using chromedriver 129.0.6668.89 (resolved driver for Chrome 129)
[main] INFO io.github.bonigarcia.wdm.WebDriverManager - Exporting webdriver.chrome.driver as C:\Users\harin\.cache\selenium\chromedriver\win64\129.0.6668.89\chromedriver.exe
Oct 06, 2024 3:44:12 PM org.openqa.selenium.devtools.CdpVersionFinder findNearestMatch
WARNING: Unable to find CDP implementation matching 129
Oct 06, 2024 3:44:12 PM org.openqa.selenium.chromium.ChromiumDriver lambda$new$5
WARNING: Unable to find version of CDP to use for 129.0.6668.90. You may need to include a dependency on a specific version of the CDP using something similar to `org.seleniumhq.selenium:selenium-devtools-v86:4.18.1` where the version ("v86") matches the version of the chromium-based browser you're using and the version number of the artifact is the same as Selenium's.
]]></system-err>
  </testcase>
  <testcase name="desktopproduct" classname="tests.desktoptest" time="5.369">
    <system-out><![CDATA[Add to Cart is present........
Success: You have added Palm Treo Pro to your shopping cart!
×is present........
Products marked with *** are not available in the desired quantity or not in stock!
×is present........
ScreenshotC:\Users\harin\eclipse-workspace\E-commercewebsite\Screenshots\chrome_desktopproduct_2024-10-06_15-44-24.png
Test passed :: Screenshot path location : C:\Users\harin\eclipse-workspace\E-commercewebsite\Screenshots\chrome_desktopproduct_2024-10-06_15-44-24.png
]]></system-out>
    <system-err><![CDATA[[main] INFO io.github.bonigarcia.wdm.WebDriverManager - Using chromedriver 129.0.6668.89 (resolved driver for Chrome 129)
[main] INFO io.github.bonigarcia.wdm.WebDriverManager - Exporting webdriver.chrome.driver as C:\Users\harin\.cache\selenium\chromedriver\win64\129.0.6668.89\chromedriver.exe
Oct 06, 2024 3:44:17 PM org.openqa.selenium.devtools.CdpVersionFinder findNearestMatch
WARNING: Unable to find CDP implementation matching 129
Oct 06, 2024 3:44:17 PM org.openqa.selenium.chromium.ChromiumDriver lambda$new$5
WARNING: Unable to find version of CDP to use for 129.0.6668.90. You may need to include a dependency on a specific version of the CDP using something similar to `org.seleniumhq.selenium:selenium-devtools-v86:4.18.1` where the version ("v86") matches the version of the chromium-based browser you're using and the version number of the artifact is the same as Selenium's.
]]></system-err>
  </testcase>
  <testcase name="laptopproducts" classname="tests.laptoptests" time="7.387">
    <system-out><![CDATA[Add to Cart is present........
Success: You have added Sony VAIO to your shopping cart!
×is present........
Products marked with *** are not available in the desired quantity or not in stock!
×is present........
ScreenshotC:\Users\harin\eclipse-workspace\E-commercewebsite\Screenshots\chrome_laptopproducts_2024-10-06_15-44-34.png
Test passed :: Screenshot path location : C:\Users\harin\eclipse-workspace\E-commercewebsite\Screenshots\chrome_laptopproducts_2024-10-06_15-44-34.png
]]></system-out>
    <system-err><![CDATA[[main] INFO io.github.bonigarcia.wdm.WebDriverManager - Using chromedriver 129.0.6668.89 (resolved driver for Chrome 129)
[main] INFO io.github.bonigarcia.wdm.WebDriverManager - Exporting webdriver.chrome.driver as C:\Users\harin\.cache\selenium\chromedriver\win64\129.0.6668.89\chromedriver.exe
Oct 06, 2024 3:44:25 PM org.openqa.selenium.devtools.CdpVersionFinder findNearestMatch
WARNING: Unable to find CDP implementation matching 129
Oct 06, 2024 3:44:25 PM org.openqa.selenium.chromium.ChromiumDriver lambda$new$5
WARNING: Unable to find version of CDP to use for 129.0.6668.90. You may need to include a dependency on a specific version of the CDP using something similar to `org.seleniumhq.selenium:selenium-devtools-v86:4.18.1` where the version ("v86") matches the version of the chromium-based browser you're using and the version number of the artifact is the same as Selenium's.
]]></system-err>
  </testcase>
  <testcase name="components" classname="tests.componentstest" time="59.353">
    <failure message="Expected condition failed: waiting for visibility of Proxy element for: DefaultElementLocator &apos;By.xpath: //div[@class=&apos;alert alert-success alert-dismissible&apos;]&apos; (tried for 45 second(s) with 500 milliseconds interval)" type="org.openqa.selenium.TimeoutException"><![CDATA[org.openqa.selenium.TimeoutException: Expected condition failed: waiting for visibility of Proxy element for: DefaultElementLocator 'By.xpath: //div[@class='alert alert-success alert-dismissible']' (tried for 45 second(s) with 500 milliseconds interval)
	at tests.componentstest.components(componentstest.java:16)
Caused by: org.openqa.selenium.NoSuchElementException: 
no such element: Unable to locate element: {"method":"xpath","selector":"//div[@class='alert alert-success alert-dismissible']"}
  (Session info: chrome=129.0.6668.90)
For documentation on this error, please visit: https://www.selenium.dev/documentation/webdriver/troubleshooting/errors#no-such-element-exception
Build info: version: '4.18.1', revision: 'b1d3319b48'
System info: os.name: 'Windows 11', os.arch: 'amd64', os.version: '10.0', java.version: '22.0.1'
Driver info: org.openqa.selenium.chrome.ChromeDriver
Command: [c94b3e0a99b5ba64c39372a027c53c66, findElement {using=xpath, value=//div[@class='alert alert-success alert-dismissible']}]
Capabilities {acceptInsecureCerts: false, browserName: chrome, browserVersion: 129.0.6668.90, chrome: {chromedriverVersion: 129.0.6668.89 (951c0b97221f..., userDataDir: C:\Users\harin\AppData\Loca...}, fedcm:accounts: true, goog:chromeOptions: {debuggerAddress: localhost:63483}, networkConnectionEnabled: false, pageLoadStrategy: normal, platformName: windows, proxy: Proxy(), se:cdp: ws://localhost:63483/devtoo..., se:cdpVersion: 129.0.6668.90, setWindowRect: true, strictFileInteractability: false, timeouts: {implicit: 0, pageLoad: 300000, script: 30000}, unhandledPromptBehavior: dismiss and notify, webauthn:extension:credBlob: true, webauthn:extension:largeBlob: true, webauthn:extension:minPinLength: true, webauthn:extension:prf: true, webauthn:virtualAuthenticators: true}
Session ID: c94b3e0a99b5ba64c39372a027c53c66
	at tests.componentstest.components(componentstest.java:16)
]]></failure>
    <system-out><![CDATA[There are no products to list in this category. this is the information present
There are no products to list in this category. this is the information present
There are no products to list in this category. this is the information present
There are no products to list in this category. this is the information present
Add to Cart is present........
ScreenshotC:\Users\harin\eclipse-workspace\E-commercewebsite\Screenshots\chrome_components_2024-10-06_15-45-37.png
 Test failed :: Screenshot path location : C:\Users\harin\eclipse-workspace\E-commercewebsite\Screenshots\chrome_components_2024-10-06_15-45-37.png
]]></system-out>
    <system-err><![CDATA[[main] INFO io.github.bonigarcia.wdm.WebDriverManager - Using chromedriver 129.0.6668.89 (resolved driver for Chrome 129)
[main] INFO io.github.bonigarcia.wdm.WebDriverManager - Exporting webdriver.chrome.driver as C:\Users\harin\.cache\selenium\chromedriver\win64\129.0.6668.89\chromedriver.exe
Oct 06, 2024 3:44:35 PM org.openqa.selenium.devtools.CdpVersionFinder findNearestMatch
WARNING: Unable to find CDP implementation matching 129
Oct 06, 2024 3:44:35 PM org.openqa.selenium.chromium.ChromiumDriver lambda$new$5
WARNING: Unable to find version of CDP to use for 129.0.6668.90. You may need to include a dependency on a specific version of the CDP using something similar to `org.seleniumhq.selenium:selenium-devtools-v86:4.18.1` where the version ("v86") matches the version of the chromium-based browser you're using and the version number of the artifact is the same as Selenium's.
]]></system-err>
  </testcase>
  <testcase name="tablet" classname="tests.tabletest" time="1.619">
    <system-out><![CDATA[ScreenshotC:\Users\harin\eclipse-workspace\E-commercewebsite\Screenshots\chrome_tablet_2024-10-06_15-45-41.png
Test passed :: Screenshot path location : C:\Users\harin\eclipse-workspace\E-commercewebsite\Screenshots\chrome_tablet_2024-10-06_15-45-41.png
]]></system-out>
    <system-err><![CDATA[[main] INFO io.github.bonigarcia.wdm.WebDriverManager - Using chromedriver 129.0.6668.89 (resolved driver for Chrome 129)
[main] INFO io.github.bonigarcia.wdm.WebDriverManager - Exporting webdriver.chrome.driver as C:\Users\harin\.cache\selenium\chromedriver\win64\129.0.6668.89\chromedriver.exe
Oct 06, 2024 3:45:37 PM org.openqa.selenium.devtools.CdpVersionFinder findNearestMatch
WARNING: Unable to find CDP implementation matching 129
Oct 06, 2024 3:45:37 PM org.openqa.selenium.chromium.ChromiumDriver lambda$new$5
WARNING: Unable to find version of CDP to use for 129.0.6668.90. You may need to include a dependency on a specific version of the CDP using something similar to `org.seleniumhq.selenium:selenium-devtools-v86:4.18.1` where the version ("v86") matches the version of the chromium-based browser you're using and the version number of the artifact is the same as Selenium's.
]]></system-err>
  </testcase>
  <testcase name="softwaretesting" classname="tests.softwaretest" time="1.167">
    <system-out><![CDATA[There are no products to list in this category. this is the information present
ScreenshotC:\Users\harin\eclipse-workspace\E-commercewebsite\Screenshots\chrome_softwaretesting_2024-10-06_15-45-45.png
Test passed :: Screenshot path location : C:\Users\harin\eclipse-workspace\E-commercewebsite\Screenshots\chrome_softwaretesting_2024-10-06_15-45-45.png
]]></system-out>
    <system-err><![CDATA[[main] INFO io.github.bonigarcia.wdm.WebDriverManager - Using chromedriver 129.0.6668.89 (resolved driver for Chrome 129)
[main] INFO io.github.bonigarcia.wdm.WebDriverManager - Exporting webdriver.chrome.driver as C:\Users\harin\.cache\selenium\chromedriver\win64\129.0.6668.89\chromedriver.exe
Oct 06, 2024 3:45:42 PM org.openqa.selenium.devtools.CdpVersionFinder findNearestMatch
WARNING: Unable to find CDP implementation matching 129
Oct 06, 2024 3:45:42 PM org.openqa.selenium.chromium.ChromiumDriver lambda$new$5
WARNING: Unable to find version of CDP to use for 129.0.6668.90. You may need to include a dependency on a specific version of the CDP using something similar to `org.seleniumhq.selenium:selenium-devtools-v86:4.18.1` where the version ("v86") matches the version of the chromium-based browser you're using and the version number of the artifact is the same as Selenium's.
]]></system-err>
  </testcase>
  <testcase name="phonetesting" classname="tests.phonetests" time="5.312">
    <system-out><![CDATA[Add to Cart is present........
Success: You have added HTC Touch HD to your shopping cart!
×is present........
Products marked with *** are not available in the desired quantity or not in stock!
×is present........
ScreenshotC:\Users\harin\eclipse-workspace\E-commercewebsite\Screenshots\chrome_phonetesting_2024-10-06_15-45-53.png
Test passed :: Screenshot path location : C:\Users\harin\eclipse-workspace\E-commercewebsite\Screenshots\chrome_phonetesting_2024-10-06_15-45-53.png
]]></system-out>
    <system-err><![CDATA[[main] INFO io.github.bonigarcia.wdm.WebDriverManager - Using chromedriver 129.0.6668.89 (resolved driver for Chrome 129)
[main] INFO io.github.bonigarcia.wdm.WebDriverManager - Exporting webdriver.chrome.driver as C:\Users\harin\.cache\selenium\chromedriver\win64\129.0.6668.89\chromedriver.exe
Oct 06, 2024 3:45:46 PM org.openqa.selenium.devtools.CdpVersionFinder findNearestMatch
WARNING: Unable to find CDP implementation matching 129
Oct 06, 2024 3:45:46 PM org.openqa.selenium.chromium.ChromiumDriver lambda$new$5
WARNING: Unable to find version of CDP to use for 129.0.6668.90. You may need to include a dependency on a specific version of the CDP using something similar to `org.seleniumhq.selenium:selenium-devtools-v86:4.18.1` where the version ("v86") matches the version of the chromium-based browser you're using and the version number of the artifact is the same as Selenium's.
]]></system-err>
  </testcase>
  <testcase name="cameracompare" classname="tests.cameratest" time="24.055">
    <system-out><![CDATA[Success: You have added Canon EOS 5D to your product comparison!
×is present........
Success: You have added Nikon D300 to your product comparison!
×is present........
Success: You have modified your product comparison!
×is present........
Success: You have modified your product comparison!
×is present........
You have not chosen any products to compare. this is the information present
ScreenshotC:\Users\harin\eclipse-workspace\E-commercewebsite\Screenshots\chrome_cameracompare_2024-10-06_15-46-20.png
Test passed :: Screenshot path location : C:\Users\harin\eclipse-workspace\E-commercewebsite\Screenshots\chrome_cameracompare_2024-10-06_15-46-20.png
]]></system-out>
    <system-err><![CDATA[[main] INFO io.github.bonigarcia.wdm.WebDriverManager - Using chromedriver 129.0.6668.89 (resolved driver for Chrome 129)
[main] INFO io.github.bonigarcia.wdm.WebDriverManager - Exporting webdriver.chrome.driver as C:\Users\harin\.cache\selenium\chromedriver\win64\129.0.6668.89\chromedriver.exe
Oct 06, 2024 3:45:54 PM org.openqa.selenium.devtools.CdpVersionFinder findNearestMatch
WARNING: Unable to find CDP implementation matching 129
Oct 06, 2024 3:45:54 PM org.openqa.selenium.chromium.ChromiumDriver lambda$new$5
WARNING: Unable to find version of CDP to use for 129.0.6668.90. You may need to include a dependency on a specific version of the CDP using something similar to `org.seleniumhq.selenium:selenium-devtools-v86:4.18.1` where the version ("v86") matches the version of the chromium-based browser you're using and the version number of the artifact is the same as Selenium's.
]]></system-err>
  </testcase>
</testsuite>